<?xml version="1.0" encoding="UTF-8"?>
<!-- Generated by org.testng.reporters.JUnitXMLReporter -->
<testsuite ignored="0" hostname="LAPTOP-0S7ASH95" failures="0" tests="4" name="Default test" time="1.008" errors="0" timestamp="2021-04-27T11:24:31 IST">
  <testcase classname="Utilities.createExtent" name="test1" time="0.014"/>
  <testcase classname="Utilities.createExtent" name="test2" time="0.002"/>
  <testcase classname="Utilities.createExtent" name="test3" time="0.002"/>
  <testcase classname="Utilities.createExtent" name="test4" time="0.001"/>
</testsuite> <!-- Default test -->
