<?xml version="1.0" encoding="UTF-8"?>
<!-- Generated by org.testng.reporters.JUnitXMLReporter -->
<testsuite ignored="0" hostname="LAPTOP-0S7ASH95" failures="0" tests="8" name="Test" time="196.531" errors="0" timestamp="2021-04-28T18:05:58 IST">
  <testcase classname="Test.testfindhospital" name="launchbrowser" time="5.021"/>
  <testcase classname="Test.testfindhospital" name="location" time="10.752"/>
  <testcase classname="Test.testfindhospital" name="search" time="153.685"/>
  <testcase classname="Test.testfindhospital" name="clickondiagostic" time="3.673"/>
  <testcase classname="Test.testfindhospital" name="gettopcitieslist" time="1.323"/>
  <testcase classname="Test.testfindhospital" name="corporatewellness" time="1.683"/>
  <testcase classname="Test.testfindhospital" name="fillup" time="17.648"/>
  <testcase classname="Test.testfindhospital" name="quitbrowser" time="0.345"/>
</testsuite> <!-- Test -->
