<?xml version="1.0" encoding="UTF-8"?>
<testng-results ignored="0" total="8" passed="8" failed="0" skipped="0">
  <reporter-output>
  </reporter-output>
  <suite started-at="2021-04-28T18:02:42 IST" name="Suite" finished-at="2021-04-28T18:05:58 IST" duration-ms="196531">
    <groups>
    </groups>
    <test started-at="2021-04-28T18:02:42 IST" name="Test" finished-at="2021-04-28T18:05:58 IST" duration-ms="196531">
      <class name="Test.testfindhospital">
        <test-method is-config="true" signature="setdriver(java.lang.String)[pri:0, instance:Test.testfindhospital@70cf32e3]" started-at="2021-04-28T18:02:42 IST" name="setdriver" finished-at="2021-04-28T18:02:44 IST" duration-ms="2323" status="PASS">
          <params>
            <param index="0">
              <value>
                <![CDATA[chrome]]>
              </value>
            </param>
          </params>
          <reporter-output>
          </reporter-output>
        </test-method> <!-- setdriver -->
        <test-method signature="launchbrowser()[pri:1, instance:Test.testfindhospital@70cf32e3]" started-at="2021-04-28T18:02:44 IST" name="launchbrowser" finished-at="2021-04-28T18:02:49 IST" duration-ms="5021" status="PASS">
          <reporter-output>
          </reporter-output>
        </test-method> <!-- launchbrowser -->
        <test-method signature="location()[pri:2, instance:Test.testfindhospital@70cf32e3]" started-at="2021-04-28T18:02:49 IST" name="location" finished-at="2021-04-28T18:03:00 IST" duration-ms="10752" status="PASS">
          <reporter-output>
          </reporter-output>
        </test-method> <!-- location -->
        <test-method signature="search()[pri:3, instance:Test.testfindhospital@70cf32e3]" started-at="2021-04-28T18:03:00 IST" name="search" finished-at="2021-04-28T18:05:33 IST" duration-ms="153685" status="PASS">
          <reporter-output>
          </reporter-output>
        </test-method> <!-- search -->
        <test-method signature="clickondiagostic()[pri:4, instance:Test.testfindhospital@70cf32e3]" started-at="2021-04-28T18:05:33 IST" name="clickondiagostic" finished-at="2021-04-28T18:05:37 IST" duration-ms="3673" status="PASS">
          <reporter-output>
          </reporter-output>
        </test-method> <!-- clickondiagostic -->
        <test-method signature="gettopcitieslist()[pri:5, instance:Test.testfindhospital@70cf32e3]" started-at="2021-04-28T18:05:37 IST" name="gettopcitieslist" finished-at="2021-04-28T18:05:38 IST" duration-ms="1323" status="PASS">
          <reporter-output>
          </reporter-output>
        </test-method> <!-- gettopcitieslist -->
        <test-method signature="corporatewellness()[pri:6, instance:Test.testfindhospital@70cf32e3]" started-at="2021-04-28T18:05:38 IST" name="corporatewellness" finished-at="2021-04-28T18:05:40 IST" duration-ms="1683" status="PASS">
          <reporter-output>
          </reporter-output>
        </test-method> <!-- corporatewellness -->
        <test-method signature="fillup()[pri:7, instance:Test.testfindhospital@70cf32e3]" started-at="2021-04-28T18:05:40 IST" name="fillup" finished-at="2021-04-28T18:05:58 IST" duration-ms="17648" status="PASS">
          <reporter-output>
          </reporter-output>
        </test-method> <!-- fillup -->
        <test-method signature="quitbrowser()[pri:8, instance:Test.testfindhospital@70cf32e3]" started-at="2021-04-28T18:05:58 IST" name="quitbrowser" finished-at="2021-04-28T18:05:58 IST" duration-ms="345" status="PASS">
          <reporter-output>
          </reporter-output>
        </test-method> <!-- quitbrowser -->
      </class> <!-- Test.testfindhospital -->
    </test> <!-- Test -->
  </suite> <!-- Suite -->
</testng-results>
